#
# There is insufficient memory for the Java Runtime Environment to continue.
# Native memory allocation (mmap) failed to map 132120576 bytes for Failed to commit area from 0x0000000082e00000 to 0x000000008ac00000 of length 132120576.
# Possible reasons:
#   The system is out of physical RAM or swap space
#   The process is running with CompressedOops enabled, and the Java Heap may be blocking the growth of the native heap
# Possible solutions:
#   Reduce memory load on the system
#   Increase physical memory or swap space
#   Check if swap backing store is full
#   Decrease Java heap size (-Xmx/-Xms)
#   Decrease number of Java threads
#   Decrease Java thread stack sizes (-Xss)
#   Set larger code cache with -XX:ReservedCodeCacheSize=
# This output file may be truncated or incomplete.
#
#  Out of Memory Error (./open/src/hotspot/os/windows/os_windows.cpp:3292), pid=25452, tid=22632
#
# JRE version:  (11.0.19+9) (build )
# Java VM: Java HotSpot(TM) 64-Bit Server VM (11.0.19+9-LTS-224, mixed mode, sharing, tiered, compressed oops, g1 gc, windows-amd64)
# No core dump will be written. Minidumps are not enabled by default on client versions of Windows
#

---------------  S U M M A R Y ------------

Command Line: -Dfile.encoding=UTF-8 -Dstdout.encoding=UTF-8 -Dstderr.encoding=UTF-8 practica5.Tablero

Host: Intel(R) Core(TM) i5-10210U CPU @ 1.60GHz, 8 cores, 7G,  Windows 11 , 64 bit Build 22621 (10.0.22621.2506)
Time: Tue Feb  6 20:40:48 2024 Hora estándar romance elapsed time: 0.013747 seconds (0d 0h 0m 0s)

---------------  T H R E A D  ---------------

Current thread (0x00000212c9b45000):  JavaThread "Unknown thread" [_thread_in_vm, id=22632, stack(0x00000085fc200000,0x00000085fc300000)]

Stack: [0x00000085fc200000,0x00000085fc300000]
Native frames: (J=compiled Java code, j=interpreted, Vv=VM code, C=native code)
V  [jvm.dll+0x65fe1a]
V  [jvm.dll+0x7a2bbf]
V  [jvm.dll+0x7a4289]
V  [jvm.dll+0x7a4923]
V  [jvm.dll+0x258a25]
V  [jvm.dll+0x65d179]
V  [jvm.dll+0x651e55]
V  [jvm.dll+0x31302d]
V  [jvm.dll+0x312e92]
V  [jvm.dll+0x317ac6]
V  [jvm.dll+0x35fbc0]
V  [jvm.dll+0x35f632]
V  [jvm.dll+0x2ee6b8]
V  [jvm.dll+0x2ef7c5]
V  [jvm.dll+0x77bc17]
V  [jvm.dll+0x77d4ff]
V  [jvm.dll+0x36ce69]
V  [jvm.dll+0x76070f]
V  [jvm.dll+0x3defe7]
V  [jvm.dll+0x3e1091]
C  [jli.dll+0x52e7]
C  [ucrtbase.dll+0x29363]
C  [KERNEL32.DLL+0x1257d]
C  [ntdll.dll+0x5aa58]


---------------  P R O C E S S  ---------------

Threads class SMR info:
_java_thread_list=0x00000212c7945050, length=0, elements={
}

Java Threads: ( => current thread )

Other Threads:
  0x00000212c9b5a000 GCTaskThread "GC Thread#0" [stack: 0x00000085fc300000,0x00000085fc400000] [id=27492]
  0x00000212c9b8e000 ConcurrentGCThread "G1 Main Marker" [stack: 0x00000085fc400000,0x00000085fc500000] [id=25280]
  0x00000212c9b90800 ConcurrentGCThread "G1 Conc#0" [stack: 0x00000085fc500000,0x00000085fc600000] [id=20256]

[error occurred during error reporting (printing all threads), id 0xc0000005, EXCEPTION_ACCESS_VIOLATION (0xc0000005) at pc=0x00007ff95cc1f177]

VM state:not at safepoint (not fully initialized)

VM Mutex/Monitor currently owned by a thread:  ([mutex/lock_event])
[0x00000212c9b437b0] Heap_lock - owner thread: 0x00000212c9b45000

Heap address: 0x0000000082e00000, size: 2002 MB, Compressed Oops mode: Non-zero based: 0x0000000082e00000
Narrow klass base: 0x0000000000000000, Narrow klass shift: 0

GC Heap History (0 events):
No events

Deoptimization events (0 events):
No events

Classes redefined (0 events):
No events

Internal exceptions (0 events):
No events

Events (0 events):
No events


Dynamic libraries:
0x00007ff69a160000 - 0x00007ff69a170000 	C:\Program Files\Java\jdk-11\bin\javaw.exe
0x00007ff9b2e30000 - 0x00007ff9b3047000 	C:\WINDOWS\SYSTEM32\ntdll.dll
0x00007ff99e8c0000 - 0x00007ff99e8d9000 	C:\Program Files\Avast Software\Avast\aswhook.dll
0x00007ff9b0ff0000 - 0x00007ff9b10b4000 	C:\WINDOWS\System32\KERNEL32.DLL
0x00007ff9b06f0000 - 0x00007ff9b0a96000 	C:\WINDOWS\System32\KERNELBASE.dll
0x00007ff9b01b0000 - 0x00007ff9b02c1000 	C:\WINDOWS\System32\ucrtbase.dll
0x00007ff9a5090000 - 0x00007ff9a50a9000 	C:\Program Files\Java\jdk-11\bin\jli.dll
0x00007ff99ce00000 - 0x00007ff99ce1b000 	C:\Program Files\Java\jdk-11\bin\VCRUNTIME140.dll
0x00007ff9b21d0000 - 0x00007ff9b2283000 	C:\WINDOWS\System32\ADVAPI32.dll
0x00007ff9b0dd0000 - 0x00007ff9b0e77000 	C:\WINDOWS\System32\msvcrt.dll
0x00007ff9b0b80000 - 0x00007ff9b0c28000 	C:\WINDOWS\System32\sechost.dll
0x00007ff9b04e0000 - 0x00007ff9b0508000 	C:\WINDOWS\System32\bcrypt.dll
0x00007ff9b1730000 - 0x00007ff9b1847000 	C:\WINDOWS\System32\RPCRT4.dll
0x00007ff9b2020000 - 0x00007ff9b21ce000 	C:\WINDOWS\System32\USER32.dll
0x00007ff9b0aa0000 - 0x00007ff9b0ac6000 	C:\WINDOWS\System32\win32u.dll
0x00007ff99f350000 - 0x00007ff99f5e3000 	C:\WINDOWS\WinSxS\amd64_microsoft.windows.common-controls_6595b64144ccf1df_6.0.22621.2506_none_270c5ae97388e100\COMCTL32.dll
0x00007ff9b0b50000 - 0x00007ff9b0b79000 	C:\WINDOWS\System32\GDI32.dll
0x00007ff9b05d0000 - 0x00007ff9b06e8000 	C:\WINDOWS\System32\gdi32full.dll
0x00007ff9b0440000 - 0x00007ff9b04da000 	C:\WINDOWS\System32\msvcp_win.dll
0x00007ff99fbe0000 - 0x00007ff99fbea000 	C:\WINDOWS\SYSTEM32\VERSION.dll
0x00007ff9b0d70000 - 0x00007ff9b0da1000 	C:\WINDOWS\System32\IMM32.DLL
0x00007ff9a7800000 - 0x00007ff9a780c000 	C:\Program Files\Java\jdk-11\bin\vcruntime140_1.dll
0x00007ff98b480000 - 0x00007ff98b50e000 	C:\Program Files\Java\jdk-11\bin\msvcp140.dll
0x00007ff95c920000 - 0x00007ff95d48c000 	C:\Program Files\Java\jdk-11\bin\server\jvm.dll
0x00007ff9b24f0000 - 0x00007ff9b24f8000 	C:\WINDOWS\System32\PSAPI.DLL
0x00007ff992cc0000 - 0x00007ff992cc9000 	C:\WINDOWS\SYSTEM32\WSOCK32.dll
0x00007ff9a44f0000 - 0x00007ff9a4524000 	C:\WINDOWS\SYSTEM32\WINMM.dll
0x00007ff9b1230000 - 0x00007ff9b12a1000 	C:\WINDOWS\System32\WS2_32.dll
0x00007ff9af260000 - 0x00007ff9af278000 	C:\WINDOWS\SYSTEM32\kernel.appcore.dll
0x00007ff99fda0000 - 0x00007ff99fdb0000 	C:\Program Files\Java\jdk-11\bin\verify.dll
0x00007ff9aa5a0000 - 0x00007ff9aa7d3000 	C:\WINDOWS\SYSTEM32\DBGHELP.DLL
0x00007ff9b1960000 - 0x00007ff9b1ce9000 	C:\WINDOWS\System32\combase.dll
0x00007ff9b1cf0000 - 0x00007ff9b1dc7000 	C:\WINDOWS\System32\OLEAUT32.dll
0x00007ff99e790000 - 0x00007ff99e7c2000 	C:\WINDOWS\SYSTEM32\dbgcore.DLL
0x00007ff9b0ad0000 - 0x00007ff9b0b4a000 	C:\WINDOWS\System32\bcryptPrimitives.dll
0x00007ff99ade0000 - 0x00007ff99ae08000 	C:\Program Files\Java\jdk-11\bin\java.dll
0x00007ff99e740000 - 0x00007ff99e74a000 	C:\Program Files\Java\jdk-11\bin\jimage.dll
0x00007ff99ad30000 - 0x00007ff99ad47000 	C:\Program Files\Java\jdk-11\bin\zip.dll

dbghelp: loaded successfully - version: 4.0.5 - missing functions: none
symbol engine: initialized successfully - sym options: 0x614 - pdb path: .;C:\Program Files\Java\jdk-11\bin;C:\WINDOWS\SYSTEM32;C:\Program Files\Avast Software\Avast;C:\WINDOWS\WinSxS\amd64_microsoft.windows.common-controls_6595b64144ccf1df_6.0.22621.2506_none_270c5ae97388e100;C:\Program Files\Java\jdk-11\bin\server

VM Arguments:
jvm_args: -Dfile.encoding=UTF-8 -Dstdout.encoding=UTF-8 -Dstderr.encoding=UTF-8 
java_command: practica5.Tablero
java_class_path (initial): C:\Users\Hector\eclipse-workspace\Prog23_24\bin
Launcher Type: SUN_STANDARD

[Global flags]
     intx CICompilerCount                          = 4                                         {product} {ergonomic}
     uint ConcGCThreads                            = 2                                         {product} {ergonomic}
     uint G1ConcRefinementThreads                  = 8                                         {product} {ergonomic}
   size_t G1HeapRegionSize                         = 1048576                                   {product} {ergonomic}
    uintx GCDrainStackTargetSize                   = 64                                        {product} {ergonomic}
   size_t InitialHeapSize                          = 132120576                                 {product} {ergonomic}
   size_t MarkStackSize                            = 4194304                                   {product} {ergonomic}
   size_t MaxHeapSize                              = 2099249152                                {product} {ergonomic}
   size_t MinHeapDeltaBytes                        = 1048576                                   {product} {ergonomic}
    uintx NonNMethodCodeHeapSize                   = 5836300                                {pd product} {ergonomic}
    uintx NonProfiledCodeHeapSize                  = 122910970                              {pd product} {ergonomic}
    uintx ProfiledCodeHeapSize                     = 122910970                              {pd product} {ergonomic}
    uintx ReservedCodeCacheSize                    = 251658240                              {pd product} {ergonomic}
     bool SegmentedCodeCache                       = true                                      {product} {ergonomic}
     bool UseCompressedClassPointers               = true                                 {lp64_product} {ergonomic}
     bool UseCompressedOops                        = true                                 {lp64_product} {ergonomic}
     bool UseG1GC                                  = true                                      {product} {ergonomic}
     bool UseLargePagesIndividualAllocation        = false                                  {pd product} {ergonomic}

Logging:
Log output configuration:
 #0: stdout all=warning uptime,level,tags
 #1: stderr all=off uptime,level,tags

Environment Variables:
JAVA_HOME=C:\Program Files\Java\jdk-11
PATH=C:/Users/Hector/.p2/pool/plugins/org.eclipse.justj.openjdk.hotspot.jre.full.win32.x86_64_19.0.2.v20230129-1123/jre/bin/server;C:/Users/Hector/.p2/pool/plugins/org.eclipse.justj.openjdk.hotspot.jre.full.win32.x86_64_19.0.2.v20230129-1123/jre/bin;C:\Program Files\Common Files\Oracle\Java\javapath;C:\Program Files (x86)\Common Files\Oracle\Java\javapath;C:\ProgramData\Oracle\Java\javapath;C:\Windows\system32;C:\Windows;C:\Windows\System32\Wbem;C:\Windows\System32\WindowsPowerShell\v1.0\;C:\Windows\System32\OpenSSH\;C:\Program Files (x86)\NVIDIA Corporation\PhysX\Common;C:\WINDOWS\system32;C:\WINDOWS;C:\WINDOWS\System32\Wbem;C:\WINDOWS\System32\WindowsPowerShell\v1.0\;C:\WINDOWS\System32\OpenSSH\;C:\Program Files\AutoFirma\AutoFirma;C:\Program Files\Java\jdk-11\bin;C:\Users\Hector\AppData\Local\Programs\Python\Launcher\;C:\Users\Hector\AppData\Local\Microsoft\WindowsApps;;C:\Users\Hector\AppData\Local\Programs\Microsoft VS Code\bin;C:\WINDOWS\System32;
USERNAME=Hector
OS=Windows_NT
PROCESSOR_IDENTIFIER=Intel64 Family 6 Model 142 Stepping 12, GenuineIntel



---------------  S Y S T E M  ---------------

OS: Windows 11 , 64 bit Build 22621 (10.0.22621.2506)

CPU:total 8 (initial active 8) (4 cores per cpu, 2 threads per core) family 6 model 142 stepping 12 microcode 0xde, cmov, cx8, fxsr, mmx, sse, sse2, sse3, ssse3, sse4.1, sse4.2, popcnt, avx, avx2, aes, clmul, erms, 3dnowpref, lzcnt, ht, tsc, tscinvbit, bmi1, bmi2, adx, fma

Memory: 4k page, system-wide physical 8001M (450M free)
TotalPageFile size 32577M (AvailPageFile size 35M)
current process WorkingSet (physical memory assigned to process): 11M, peak: 11M
current process commit charge ("private bytes"): 60M, peak: 186M

vm_info: Java HotSpot(TM) 64-Bit Server VM (11.0.19+9-LTS-224) for windows-amd64 JRE (11.0.19+9-LTS-224), built on Mar 27 2023 08:48:55 by "mach5one" with MS VC++ 17.1 (VS2022)

END.
